-------------------------------------------------------------------------------
Test set: NickyHariniaina.FeesTest
-------------------------------------------------------------------------------
Tests run: 1, Failures: 1, Errors: 0, Skipped: 0, Time elapsed: 0.530 s <<< FAILURE! -- in NickyHariniaina.FeesTest
NickyHariniaina.FeesTest.should_return_fees_status_ok -- Time elapsed: 0.380 s <<< FAILURE!
org.opentest4j.AssertionFailedError: expected: <IN_PROGRESS> but was: <PAID>
	at org.junit.jupiter.api.AssertionFailureBuilder.build(AssertionFailureBuilder.java:151)
	at org.junit.jupiter.api.AssertionFailureBuilder.buildAndThrow(AssertionFailureBuilder.java:132)
	at org.junit.jupiter.api.AssertEquals.failNotEqual(AssertEquals.java:197)
	at org.junit.jupiter.api.AssertEquals.assertEquals(AssertEquals.java:182)
	at org.junit.jupiter.api.AssertEquals.assertEquals(AssertEquals.java:177)
	at org.junit.jupiter.api.Assertions.assertEquals(Assertions.java:1145)
	at NickyHariniaina.FeesTest.should_return_fees_status_ok(FeesTest.java:31)
	at java.base/java.lang.reflect.Method.invoke(Method.java:580)
	at java.base/java.util.ArrayList.forEach(ArrayList.java:1596)
	at java.base/java.util.ArrayList.forEach(ArrayList.java:1596)

